Removed Member From Class: ClassName=USB_RF_Schematic Member=J2
Change Component Designator: OldDesignator=J2 NewDesignator=J1
Change Net Name : Old Net Name=NetJ2_2 New Net Name=NetJ1_2
Change Net Name : Old Net Name=NetJ2_3 New Net Name=NetJ1_3
Added Pin To Net: NetName=NetIC1_14 Pin=IC1-14
Added Pin To Net: NetName=NetIC1_14 Pin=U1-2
Added Net: Name=NetIC1_14
Added Pin To Net: NetName=NetIC1_15 Pin=IC1-15
Added Pin To Net: NetName=NetIC1_15 Pin=U1-3
Added Net: Name=NetIC1_15
Added Pin To Net: NetName=NetIC1_16 Pin=IC1-16
Added Pin To Net: NetName=NetIC1_16 Pin=U1-5
Added Net: Name=NetIC1_16
Added Pin To Net: NetName=NetIC1_17 Pin=IC1-17
Added Pin To Net: NetName=NetIC1_17 Pin=U1-4
Added Net: Name=NetIC1_17
Added Pin To Net: NetName=NetU1_1 Pin=U1-1
Added Net: Name=NetU1_1
Added Pin To Net: NetName=NetU1_6 Pin=U1-6
Added Net: Name=NetU1_6
Add Differential Pair: Number of nets in differential pair MCU_USB_DM is 1 instead of 2
Add Differential Pair: Number of nets in differential pair MCU_USB_DP is 1 instead of 2
Added Room: Name=USB_RF_Schematic
