Change Component Designator: Old Designator=C1 New Designator=C31
Change Component Designator: Old Designator=C2 New Designator=C32
Change Component Designator: Old Designator=C3 New Designator=C33
Change Component Designator: Old Designator=C4 New Designator=C34
Change Component Designator: Old Designator=C5 New Designator=C35
Change Component Designator: Old Designator=C6 New Designator=C36
Change Component Designator: Old Designator=C7 New Designator=C37
Change Component Designator: Old Designator=C8 New Designator=C40
Change Component Designator: Old Designator=C9 New Designator=C41
Change Component Designator: Old Designator=C10 New Designator=C38
Change Component Designator: Old Designator=C11 New Designator=C39
Change Component Designator: Old Designator=C12 New Designator=C44
Change Component Designator: Old Designator=C13 New Designator=C45
Change Component Designator: Old Designator=C14 New Designator=C46
Change Component Designator: Old Designator=C15 New Designator=C47
Change Component Designator: Old Designator=C? New Designator=C42
Change Component Designator: Old Designator=C? New Designator=C43
Change Component Designator: Old Designator=D1 New Designator=D5
Change Component Designator: Old Designator=D2 New Designator=D6
Change Component Designator: Old Designator=IC1 New Designator=IC3
Change Component Designator: Old Designator=J1 New Designator=J7
Change Component Designator: Old Designator=J2 New Designator=J8
Change Component Designator: Old Designator=J3 New Designator=J9
Change Component Designator: Old Designator=L1 New Designator=L4
Change Component Designator: Old Designator=L2 New Designator=L5
Change Component Designator: Old Designator=L3 New Designator=L6
Change Component Designator: Old Designator=Q1 New Designator=Q3
Change Component Designator: Old Designator=R1 New Designator=R19
Change Component Designator: Old Designator=R2 New Designator=R20
Change Component Designator: Old Designator=R3 New Designator=R21
Change Component Designator: Old Designator=R4 New Designator=R22
Change Component Designator: Old Designator=R5 New Designator=R23
Change Component Designator: Old Designator=R6 New Designator=R24
Change Component Designator: Old Designator=R7 New Designator=R25
Change Component Designator: Old Designator=R8 New Designator=R26
Change Component Designator: Old Designator=R9 New Designator=R27
Change Component Designator: Old Designator=U1 New Designator=U7
Change Component Designator: Old Designator=U2 New Designator=U8
Change Component Designator: Old Designator=U3 New Designator=U9
Change Component Designator: Old Designator=Y1 New Designator=Y5
Change Component Designator: Old Designator=Y? New Designator=Y6
