Change Component Designator: Old Designator=C1 New Designator=C18
Change Component Designator: Old Designator=C7 New Designator=C22
Change Component Designator: Old Designator=C8 New Designator=C23
Change Component Designator: Old Designator=C9 New Designator=C24
Change Component Designator: Old Designator=C10 New Designator=C25
Change Component Designator: Old Designator=C11 New Designator=C26
Change Component Designator: Old Designator=C12 New Designator=C27
Change Component Designator: Old Designator=C13 New Designator=C28
Change Component Designator: Old Designator=C14 New Designator=C29
Change Component Designator: Old Designator=C15 New Designator=C30
Change Component Designator: Old Designator=C? New Designator=C19
Change Component Designator: Old Designator=C? New Designator=C20
Change Component Designator: Old Designator=C? New Designator=C21
Change Component Designator: Old Designator=D1 New Designator=D3
Change Component Designator: Old Designator=D2 New Designator=D4
Change Component Designator: Old Designator=FL New Designator=FL1
Change Component Designator: Old Designator=IC1 New Designator=IC2
Change Component Designator: Old Designator=J1 New Designator=J4
Change Component Designator: Old Designator=J2 New Designator=J5
Change Component Designator: Old Designator=J3 New Designator=J6
Change Component Designator: Old Designator=Q1 New Designator=Q2
Change Component Designator: Old Designator=R1 New Designator=R10
Change Component Designator: Old Designator=R2 New Designator=R11
Change Component Designator: Old Designator=R3 New Designator=R12
Change Component Designator: Old Designator=R4 New Designator=R13
Change Component Designator: Old Designator=R5 New Designator=R14
Change Component Designator: Old Designator=R6 New Designator=R15
Change Component Designator: Old Designator=R7 New Designator=R16
Change Component Designator: Old Designator=R8 New Designator=R17
Change Component Designator: Old Designator=R9 New Designator=R18
Change Component Designator: Old Designator=U1 New Designator=U4
Change Component Designator: Old Designator=U2 New Designator=U5
Change Component Designator: Old Designator=U3 New Designator=U6
Change Component Designator: Old Designator=Y1 New Designator=Y3
Change Component Designator: Old Designator=Y? New Designator=Y4
