Removed Pin From Net: NetName=NetJ1_06 Pin=U1-1
Removed Pin From Net: NetName=NetJ1_05 Pin=U1-2
Removed Pin From Net: NetName=NetJ1_04 Pin=U1-3
Removed Pin From Net: NetName=NetJ1_03 Pin=U1-4
Removed Pin From Net: NetName=NetJ1_02 Pin=U1-5
Removed Pin From Net: NetName=NetJ1_01 Pin=U1-6
Removed Pin From Net: NetName=NetC7_2 Pin=U1-7
Removed Pin From Net: NetName=GND Pin=U1-8
Removed Pin From Net: NetName=NetC10_2 Pin=U1-9
Removed Pin From Net: NetName=NetC9_2 Pin=U1-10
Removed Pin From Net: NetName=NetC2_2 Pin=U1-11
Removed Pin From Net: NetName=NetL1_2 Pin=U1-12
Removed Pin From Net: NetName=NetL2_2 Pin=U1-13
Removed Pin From Net: NetName=GND Pin=U1-14
Removed Pin From Net: NetName=NetC7_2 Pin=U1-15
Removed Pin From Net: NetName=GND Pin=U1-17
Removed Pin From Net: NetName=NetC7_2 Pin=U1-18
Removed Pin From Net: NetName=GND Pin=U1-20
Removed Pin From Net: NetName=NetC9_2 Pin=U1-21
Added Member To Class: ClassName=USB_RF_Schematic Member=Component C11 100nF 0603
Added Member To Class: ClassName=USB_RF_Schematic Member=Component C12 2.2 µF 3216
Added Member To Class: ClassName=USB_RF_Schematic Member=Component U2 USBLC6-2SC6
Added Room: Name=USB_RF_Schematic
