Change Component Designator: OldDesignator=U2 NewDesignator=U3
Added Component: Designator=U2(SOT95P280X145-6N)
Add component (AddParameter): Name = "Availability"; Value = "In Stock"; VariantName = "[No Variations]"
Add component (AddParameter): Name = "Check_prices"; Value = "https://www.snapeda.com/parts/USBLC6-2SC6/STMicroelectronics/view-part/?ref=eda"; VariantName = "[No Variations]"
Add component (AddParameter): Name = "MF"; Value = "STMicroelectronics"; VariantName = "[No Variations]"
Add component (AddParameter): Name = "MP"; Value = "USBLC6-2SC6"; VariantName = "[No Variations]"
Add component (AddParameter): Name = "Package"; Value = "SOT-23-6 STMicroelectronics"; VariantName = "[No Variations]"
Add component (AddParameter): Name = "Price"; Value = "None"; VariantName = "[No Variations]"
Add component (AddParameter): Name = "Purchase-URL"; Value = "https://pricing.snapeda.com/search/part/USBLC6-2SC6/?ref=eda"; VariantName = "[No Variations]"
Add component (AddParameter): Name = "SnapEDA_Link"; Value = "https://www.snapeda.com/parts/USBLC6-2SC6/STMicroelectronics/view-part/?ref=snap"; VariantName = "[No Variations]"
Add component (AddParameter): Name = "Value"; Value = ""; VariantName = "[No Variations]"
Added Pin To Net: NetName=NetJ2_2 Pin=U2-1
Added Pin To Net: NetName=GND Pin=U2-2
Added Pin To Net: NetName=NetJ2_3 Pin=U2-3
Added Pin To Net: NetName=+5 Pin=U2-5
Added Pin To Net: NetName=NetIC1_32 Pin=IC1-32
Added Pin To Net: NetName=NetIC1_32 Pin=U2-6
Added Net: Name=NetIC1_32
Added Pin To Net: NetName=NetIC1_33 Pin=IC1-33
Added Pin To Net: NetName=NetIC1_33 Pin=U2-4
Added Net: Name=NetIC1_33
Added Member To Class: ClassName=USB_RF_Schematic Member=Component C1 33nF 0402
Added Member To Class: ClassName=USB_RF_Schematic Member=Component C2 2.2nF 0402
Added Member To Class: ClassName=USB_RF_Schematic Member=Component C3 4.7pF 0402
Added Member To Class: ClassName=USB_RF_Schematic Member=Component J1 TMS-106-57-L-S
Added Member To Class: ClassName=USB_RF_Schematic Member=Component R1 100k 0603
Added Member To Class: ClassName=USB_RF_Schematic Member=Component U3 SPX3819M5-L-3-3
Added Room: Name=USB_RF_Schematic
